#
# A fatal error has been detected by the Java Runtime Environment:
#
#  EXCEPTION_ACCESS_VIOLATION (0xc0000005) at pc=0x00007ff8696b5ade, pid=13328, tid=0x00000000000049d0
#
# JRE version: Java(TM) SE Runtime Environment (8.0_172-b11) (build 1.8.0_172-b11)
# Java VM: Java HotSpot(TM) 64-Bit Server VM (25.172-b11 mixed mode windows-amd64 compressed oops)
# Problematic frame:
# C  [EQ2008_Dll.DLL+0x75ade]
#
# Failed to write core dump. Minidumps are not enabled by default on client versions of Windows
#
# If you would like to submit a bug report, please visit:
#   http://bugreport.java.com/bugreport/crash.jsp
# The crash happened outside the Java Virtual Machine in native code.
# See problematic frame for where to report the bug.
#

---------------  T H R E A D  ---------------

Current thread (0x000000001e0d9800):  JavaThread "restartedMain" [_thread_in_native, id=18896, stack(0x00000000249b0000,0x0000000024ab0000)]

siginfo: ExceptionCode=0xc0000005, reading address 0x0000000002d00c40

Registers:
RAX=0x0000000000000100, RBX=0x000000001ed44280, RCX=0x0000000002d00c40, RDX=0x00007ff8697007e8
RSP=0x0000000024aad248, RBP=0x0000000024aad3e0, RSI=0x0000000060200021, RDI=0x0000000024aad4c8
R8 =0x0000000002d00c40, R9 =0x4003333333333333, R10=0x00007ff8697007e8, R11=0x0000000000000000
R12=0x0000000000000000, R13=0x000000001ed44280, R14=0x0000000024aad7b0, R15=0x000000001e0d9800
RIP=0x00007ff8696b5ade, EFLAGS=0x0000000000010206

Top of Stack: (sp=0x0000000024aad248)
0x0000000024aad248:   00007ff869666aad 0000000000000000
0x0000000024aad258:   0000000000000005 000000011e0d9800
0x0000000024aad268:   0000000000000000 000000001e0d9800
0x0000000024aad278:   00007ff869697796 0000000002d00c40
0x0000000024aad288:   00007ff8697007e8 0000000000000000
0x0000000024aad298:   0000000002d00c40 0000000000000001
0x0000000024aad2a8:   000000006d7cfbf7 0000000000000000
0x0000000024aad2b8:   0000000002d00c30 00000000171fabd0
0x0000000024aad2c8:   0000000002d00c30 000000000000000e
0x0000000024aad2d8:   0000000024aaceb0 00000000ffffff00
0x0000000024aad2e8:   00000000e7e10f70 0000000000000000
0x0000000024aad2f8:   0000000002fd55f1 fffffffffffffffe
0x0000000024aad308:   0000000024aad360 0000000000000000
0x0000000024aad318:   0000000024aad4c8 000000001ed44280
0x0000000024aad328:   00007ff869650552 00007ff869729d00
0x0000000024aad338:   0000000002d00c40 cccccccccccccccc 

Instructions: (pc=0x00007ff8696b5ade)
0x00007ff8696b5abe:   ff ff ff f7 d8 1b c0 48 83 c4 28 c3 cc cc 45 33
0x00007ff8696b5ace:   db 4c 8b d2 4c 8b c1 44 38 1a 75 04 48 8b c1 c3
0x00007ff8696b5ade:   8a 01 41 3a c3 74 3b 4c 8b c9 4c 2b ca 49 8b d2
0x00007ff8696b5aee:   41 3a c3 74 1a 44 38 1a 74 2b 41 0f be 0c 11 0f 


Register to memory mapping:

RAX=0x0000000000000100 is an unknown value
RBX={method} {0x000000001ed44288} 'invokeVoid' '(I[Ljava/lang/Object;)V' in 'com/sun/jna/Function'
RCX=0x0000000002d00c40 is an unknown value
RDX=0x00007ff8697007e8 is an unknown value
RSP=0x0000000024aad248 is pointing into the stack for thread: 0x000000001e0d9800
RBP=0x0000000024aad3e0 is pointing into the stack for thread: 0x000000001e0d9800
RSI=0x0000000060200021 is an unknown value
RDI=0x0000000024aad4c8 is pointing into the stack for thread: 0x000000001e0d9800
R8 =0x0000000002d00c40 is an unknown value
R9 =0x4003333333333333 is an unknown value
R10=0x00007ff8697007e8 is an unknown value
R11=0x0000000000000000 is an unknown value
R12=0x0000000000000000 is an unknown value
R13={method} {0x000000001ed44288} 'invokeVoid' '(I[Ljava/lang/Object;)V' in 'com/sun/jna/Function'
R14=0x0000000024aad7b0 is pointing into the stack for thread: 0x000000001e0d9800
R15=0x000000001e0d9800 is a thread


Stack: [0x00000000249b0000,0x0000000024ab0000],  sp=0x0000000024aad248,  free space=1012k
Native frames: (J=compiled Java code, j=interpreted, Vv=VM code, C=native code)
C  [EQ2008_Dll.DLL+0x75ade]

Java frames: (J=compiled Java code, j=interpreted, Vv=VM code)
j  com.sun.jna.Function.invokeVoid(I[Ljava/lang/Object;)V+0
j  com.sun.jna.Function.invoke([Ljava/lang/Object;Ljava/lang/Class;Z)Ljava/lang/Object;+45
j  com.sun.jna.Function.invoke(Ljava/lang/Class;[Ljava/lang/Object;Ljava/util/Map;)Ljava/lang/Object;+214
j  com.sun.jna.Library$Handler.invoke(Ljava/lang/Object;Ljava/lang/reflect/Method;[Ljava/lang/Object;)Ljava/lang/Object;+341
j  cn.stylefeng.guns.Tools.Led.$Proxy177.User_ReloadIniFile(Ljava/lang/String;)V+16
j  cn.stylefeng.guns.Tools.Led.LedHandler.Init()V+102
j  cn.stylefeng.guns.Tools.Led.LedHandler.afterPropertiesSet()V+0
J 5953 C1 org.springframework.beans.factory.support.AbstractAutowireCapableBeanFactory.invokeInitMethods(Ljava/lang/String;Ljava/lang/Object;Lorg/springframework/beans/factory/support/RootBeanDefinition;)V (171 bytes) @ 0x0000000003a73c5c [0x0000000003a738a0+0x3bc]
J 5951 C1 org.springframework.beans.factory.support.AbstractAutowireCapableBeanFactory.initializeBean(Ljava/lang/String;Ljava/lang/Object;Lorg/springframework/beans/factory/support/RootBeanDefinition;)Ljava/lang/Object; (116 bytes) @ 0x0000000003a7279c [0x0000000003a72640+0x15c]
J 6242 C1 org.springframework.beans.factory.support.AbstractAutowireCapableBeanFactory.doCreateBean(Ljava/lang/String;Lorg/springframework/beans/factory/support/RootBeanDefinition;[Ljava/lang/Object;)Ljava/lang/Object; (507 bytes) @ 0x0000000003b0d414 [0x0000000003b0cd00+0x714]
J 5954 C1 org.springframework.beans.factory.support.AbstractAutowireCapableBeanFactory.createBean(Ljava/lang/String;Lorg/springframework/beans/factory/support/RootBeanDefinition;[Ljava/lang/Object;)Ljava/lang/Object; (247 bytes) @ 0x0000000003a74ff4 [0x0000000003a74aa0+0x554]
J 6243 C1 org.springframework.beans.factory.support.AbstractBeanFactory$$Lambda$159.getObject()Ljava/lang/Object; (20 bytes) @ 0x0000000003b103f4 [0x0000000003b10380+0x74]
J 5957 C1 org.springframework.beans.factory.support.DefaultSingletonBeanRegistry.getSingleton(Ljava/lang/String;Lorg/springframework/beans/factory/ObjectFactory;)Ljava/lang/Object; (297 bytes) @ 0x0000000003a77954 [0x0000000003a77480+0x4d4]
J 2753 C1 org.springframework.beans.factory.support.AbstractBeanFactory.doGetBean(Ljava/lang/String;Ljava/lang/Class;[Ljava/lang/Object;Z)Ljava/lang/Object; (833 bytes) @ 0x00000000034aa0bc [0x00000000034a9ae0+0x5dc]
J 5791 C1 org.springframework.beans.factory.support.AbstractBeanFactory.getBean(Ljava/lang/String;)Ljava/lang/Object; (9 bytes) @ 0x0000000003a29b64 [0x0000000003a29b00+0x64]
j  org.springframework.beans.factory.support.DefaultListableBeanFactory.preInstantiateSingletons()V+248
j  org.springframework.context.support.AbstractApplicationContext.finishBeanFactoryInitialization(Lorg/springframework/beans/factory/config/ConfigurableListableBeanFactory;)V+124
j  org.springframework.context.support.AbstractApplicationContext.refresh()V+54
j  org.springframework.boot.web.servlet.context.ServletWebServerApplicationContext.refresh()V+1
j  org.springframework.boot.SpringApplication.refresh(Lorg/springframework/context/ApplicationContext;)V+10
j  org.springframework.boot.SpringApplication.refreshContext(Lorg/springframework/context/ConfigurableApplicationContext;)V+2
j  org.springframework.boot.SpringApplication.run([Ljava/lang/String;)Lorg/springframework/context/ConfigurableApplicationContext;+118
j  org.springframework.boot.SpringApplication.run([Ljava/lang/Class;[Ljava/lang/String;)Lorg/springframework/context/ConfigurableApplicationContext;+9
j  org.springframework.boot.SpringApplication.run(Ljava/lang/Class;[Ljava/lang/String;)Lorg/springframework/context/ConfigurableApplicationContext;+9
j  cn.stylefeng.guns.GunsApplication.main([Ljava/lang/String;)V+3
v  ~StubRoutines::call_stub
J 1864  sun.reflect.NativeMethodAccessorImpl.invoke0(Ljava/lang/reflect/Method;Ljava/lang/Object;[Ljava/lang/Object;)Ljava/lang/Object; (0 bytes) @ 0x00000000032d64ff [0x00000000032d6480+0x7f]
J 1863 C1 sun.reflect.NativeMethodAccessorImpl.invoke(Ljava/lang/Object;[Ljava/lang/Object;)Ljava/lang/Object; (104 bytes) @ 0x00000000032d6c94 [0x00000000032d68e0+0x3b4]
J 1628 C1 sun.reflect.DelegatingMethodAccessorImpl.invoke(Ljava/lang/Object;[Ljava/lang/Object;)Ljava/lang/Object; (10 bytes) @ 0x000000000324c0bc [0x000000000324c060+0x5c]
J 1627 C1 java.lang.reflect.Method.invoke(Ljava/lang/Object;[Ljava/lang/Object;)Ljava/lang/Object; (62 bytes) @ 0x000000000324bc8c [0x000000000324bb60+0x12c]
j  org.springframework.boot.devtools.restart.RestartLauncher.run()V+41
v  ~StubRoutines::call_stub

---------------  P R O C E S S  ---------------

Java Threads: ( => current thread )
  0x000000001e0db000 JavaThread "SIGINT handler" daemon [_thread_blocked, id=16080, stack(0x00000000250b0000,0x00000000251b0000)]
  0x000000001e0d6000 JavaThread "container-0" [_thread_blocked, id=2536, stack(0x0000000024db0000,0x0000000024eb0000)]
  0x000000001e0d8000 JavaThread "Catalina-utility-2" [_thread_blocked, id=1948, stack(0x0000000024cb0000,0x0000000024db0000)]
  0x000000001e0da800 JavaThread "Catalina-utility-1" [_thread_blocked, id=2996, stack(0x0000000024bb0000,0x0000000024cb0000)]
=>0x000000001e0d9800 JavaThread "restartedMain" [_thread_in_native, id=18896, stack(0x00000000249b0000,0x0000000024ab0000)]
  0x000000001e0d9000 JavaThread "Thread-25" [_thread_blocked, id=19836, stack(0x00000000246b0000,0x00000000247b0000)]
  0x000000001e0dd800 JavaThread "DestroyJavaVM" [_thread_blocked, id=6980, stack(0x00000000029c0000,0x0000000002ac0000)]
  0x000000001da3c800 JavaThread "Thread-30" [_thread_in_native, id=23924, stack(0x0000000020de0000,0x0000000020ee0000)]
  0x000000001da3e000 JavaThread "Live Reload Server" daemon [_thread_in_native, id=22684, stack(0x00000000208e0000,0x00000000209e0000)]
  0x000000001da3c000 JavaThread "System Clock" daemon [_thread_blocked, id=4432, stack(0x00000000203e0000,0x00000000204e0000)]
  0x000000001b6fc000 JavaThread "Druid-ConnectionPool-Destroy-189880100" daemon [_thread_blocked, id=24236, stack(0x000000001f5e0000,0x000000001f6e0000)]
  0x000000001b6f7000 JavaThread "Druid-ConnectionPool-Create-189880100" daemon [_thread_blocked, id=24272, stack(0x000000001f4e0000,0x000000001f5e0000)]
  0x000000001b6fb800 JavaThread "Abandoned connection cleanup thread" daemon [_thread_blocked, id=24012, stack(0x000000001f3e0000,0x000000001f4e0000)]
  0x000000001b6fa800 JavaThread "Thread-15" [_thread_in_native, id=5784, stack(0x000000001eee0000,0x000000001efe0000)]
  0x000000001af85000 JavaThread "RMI Scheduler(0)" daemon [_thread_blocked, id=18824, stack(0x000000001c410000,0x000000001c510000)]
  0x000000001aeda800 JavaThread "RMI TCP Connection(idle)" daemon [_thread_blocked, id=10780, stack(0x000000001c310000,0x000000001c410000)]
  0x000000001a40d800 JavaThread "RMI TCP Accept-0" daemon [_thread_in_native, id=12820, stack(0x000000001aa40000,0x000000001ab40000)]
  0x000000001a18b000 JavaThread "Service Thread" daemon [_thread_blocked, id=9664, stack(0x000000001a940000,0x000000001aa40000)]
  0x000000001a0ec000 JavaThread "C1 CompilerThread2" daemon [_thread_blocked, id=3496, stack(0x000000001a840000,0x000000001a940000)]
  0x000000001a0eb000 JavaThread "C2 CompilerThread1" daemon [_thread_blocked, id=24172, stack(0x000000001a740000,0x000000001a840000)]
  0x000000001a0ea800 JavaThread "C2 CompilerThread0" daemon [_thread_blocked, id=23668, stack(0x000000001a640000,0x000000001a740000)]
  0x00000000195ac800 JavaThread "JDWP Event Helper Thread" daemon [_thread_blocked, id=19792, stack(0x0000000019c40000,0x0000000019d40000)]
  0x0000000017bcd000 JavaThread "Attach Listener" daemon [_thread_blocked, id=19476, stack(0x0000000019a40000,0x0000000019b40000)]
  0x000000001954b800 JavaThread "Signal Dispatcher" daemon [_thread_blocked, id=8540, stack(0x0000000019940000,0x0000000019a40000)]
  0x0000000017ba2800 JavaThread "Finalizer" daemon [_thread_blocked, id=19184, stack(0x0000000019440000,0x0000000019540000)]
  0x0000000017b79800 JavaThread "Reference Handler" daemon [_thread_blocked, id=23756, stack(0x0000000019340000,0x0000000019440000)]

Other Threads:
  0x0000000002cad000 VMThread [stack: 0x0000000019240000,0x0000000019340000] [id=24100]

VM state:at safepoint (normal execution)

VM Mutex/Monitor currently owned by a thread:  ([mutex/lock_event])
[0x0000000002bb26d0] Threads_lock - owner thread: 0x0000000002cad000

Heap:
 PSYoungGen      total 499712K, used 310161K [0x00000000d6100000, 0x00000000f8200000, 0x0000000100000000)
  eden space 495616K, 62% used [0x00000000d6100000,0x00000000e8fe44e8,0x00000000f4500000)
  from space 4096K, 0% used [0x00000000f5f00000,0x00000000f5f00000,0x00000000f6300000)
  to   space 22528K, 0% used [0x00000000f6c00000,0x00000000f6c00000,0x00000000f8200000)
 ParOldGen       total 140288K, used 36332K [0x0000000082200000, 0x000000008ab00000, 0x00000000d6100000)
  object space 140288K, 25% used [0x0000000082200000,0x000000008457b080,0x000000008ab00000)
 Metaspace       used 62440K, capacity 65122K, committed 65408K, reserved 1105920K
  class space    used 7745K, capacity 8259K, committed 8320K, reserved 1048576K

Card table byte_map: [0x0000000012260000,0x0000000012650000] byte_map_base: 0x0000000011e4f000

Marking Bits: (ParMarkBitMap*) 0x000000006deb3c10
 Begin Bits: [0x0000000012ef0000, 0x0000000014e68000)
 End Bits:   [0x0000000014e68000, 0x0000000016de0000)

Polling page: 0x00000000005f0000

CodeCache: size=245760Kb used=16959Kb max_used=16959Kb free=228800Kb
 bounds [0x0000000002ea0000, 0x0000000003f40000, 0x0000000011ea0000]
 total_blobs=8743 nmethods=8188 adapters=473
 compilation: enabled

Compilation events (10 events):
Event: 92.031 Thread 0x000000001a0ec000 8329       1       java.io.BufferedWriter::ensureOpen (18 bytes)
Event: 92.031 Thread 0x000000001a0ec000 nmethod 8329 0x0000000003f31590 code [0x0000000003f31700, 0x0000000003f318c8]
Event: 92.089 Thread 0x000000001a0ec000 8330       1       java.lang.Integer::toString (48 bytes)
Event: 92.089 Thread 0x000000001a0ec000 nmethod 8330 0x0000000003f31990 code [0x0000000003f31b00, 0x0000000003f31de8]
Event: 92.770 Thread 0x000000001a0ec000 8331       1       java.util.logging.LogManager$LoggerContext::ensureInitialized (24 bytes)
Event: 92.771 Thread 0x000000001a0ec000 nmethod 8331 0x0000000003f32050 code [0x0000000003f321c0, 0x0000000003f32388]
Event: 92.771 Thread 0x000000001a0ec000 8332  s    1       java.util.logging.LogManager$LoggerContext::findLogger (40 bytes)
Event: 92.771 Thread 0x000000001a0ec000 nmethod 8332 0x0000000003f32510 code [0x0000000003f326c0, 0x0000000003f32b68]
Event: 92.772 Thread 0x000000001a0ec000 8333       1       java.util.logging.LogManager::checkPermission (17 bytes)
Event: 92.772 Thread 0x000000001a0ec000 nmethod 8333 0x0000000003f32e50 code [0x0000000003f32fc0, 0x0000000003f33128]

GC Heap History (10 events):
Event: 11.311 GC heap before
{Heap before GC invocations=13 (full 2):
 PSYoungGen      total 433664K, used 292936K [0x00000000d6100000, 0x00000000f1f80000, 0x0000000100000000)
  eden space 415232K, 66% used [0x00000000d6100000,0x00000000e6d159e8,0x00000000ef680000)
  from space 18432K, 99% used [0x00000000f0d00000,0x00000000f1efc8f8,0x00000000f1f00000)
  to   space 20992K, 0% used [0x00000000ef680000,0x00000000ef680000,0x00000000f0b00000)
 ParOldGen       total 94208K, used 23403K [0x0000000082200000, 0x0000000087e00000, 0x00000000d6100000)
  object space 94208K, 24% used [0x0000000082200000,0x00000000838dad20,0x0000000087e00000)
 Metaspace       used 56437K, capacity 58932K, committed 59096K, reserved 1101824K
  class space    used 6982K, capacity 7459K, committed 7552K, reserved 1048576K
Event: 11.335 GC heap after
Heap after GC invocations=13 (full 2):
 PSYoungGen      total 436224K, used 18887K [0x00000000d6100000, 0x00000000f9800000, 0x0000000100000000)
  eden space 415232K, 0% used [0x00000000d6100000,0x00000000d6100000,0x00000000ef680000)
  from space 20992K, 89% used [0x00000000ef680000,0x00000000f08f1e00,0x00000000f0b00000)
  to   space 23040K, 0% used [0x00000000f8180000,0x00000000f8180000,0x00000000f9800000)
 ParOldGen       total 94208K, used 30983K [0x0000000082200000, 0x0000000087e00000, 0x00000000d6100000)
  object space 94208K, 32% used [0x0000000082200000,0x0000000084041f40,0x0000000087e00000)
 Metaspace       used 56437K, capacity 58932K, committed 59096K, reserved 1101824K
  class space    used 6982K, capacity 7459K, committed 7552K, reserved 1048576K
}
Event: 11.335 GC heap before
{Heap before GC invocations=14 (full 3):
 PSYoungGen      total 436224K, used 18887K [0x00000000d6100000, 0x00000000f9800000, 0x0000000100000000)
  eden space 415232K, 0% used [0x00000000d6100000,0x00000000d6100000,0x00000000ef680000)
  from space 20992K, 89% used [0x00000000ef680000,0x00000000f08f1e00,0x00000000f0b00000)
  to   space 23040K, 0% used [0x00000000f8180000,0x00000000f8180000,0x00000000f9800000)
 ParOldGen       total 94208K, used 30983K [0x0000000082200000, 0x0000000087e00000, 0x00000000d6100000)
  object space 94208K, 32% used [0x0000000082200000,0x0000000084041f40,0x0000000087e00000)
 Metaspace       used 56437K, capacity 58932K, committed 59096K, reserved 1101824K
  class space    used 6982K, capacity 7459K, committed 7552K, reserved 1048576K
Event: 11.565 GC heap after
Heap after GC invocations=14 (full 3):
 PSYoungGen      total 436224K, used 0K [0x00000000d6100000, 0x00000000f9800000, 0x0000000100000000)
  eden space 415232K, 0% used [0x00000000d6100000,0x00000000d6100000,0x00000000ef680000)
  from space 20992K, 0% used [0x00000000ef680000,0x00000000ef680000,0x00000000f0b00000)
  to   space 23040K, 0% used [0x00000000f8180000,0x00000000f8180000,0x00000000f9800000)
 ParOldGen       total 140288K, used 42824K [0x0000000082200000, 0x000000008ab00000, 0x00000000d6100000)
  object space 140288K, 30% used [0x0000000082200000,0x0000000084bd21a0,0x000000008ab00000)
 Metaspace       used 56308K, capacity 58728K, committed 59096K, reserved 1101824K
  class space    used 6963K, capacity 7425K, committed 7552K, reserved 1048576K
}
Event: 58.104 GC heap before
{Heap before GC invocations=15 (full 3):
 PSYoungGen      total 436224K, used 415232K [0x00000000d6100000, 0x00000000f9800000, 0x0000000100000000)
  eden space 415232K, 100% used [0x00000000d6100000,0x00000000ef680000,0x00000000ef680000)
  from space 20992K, 0% used [0x00000000ef680000,0x00000000ef680000,0x00000000f0b00000)
  to   space 23040K, 0% used [0x00000000f8180000,0x00000000f8180000,0x00000000f9800000)
 ParOldGen       total 140288K, used 42824K [0x0000000082200000, 0x000000008ab00000, 0x00000000d6100000)
  object space 140288K, 30% used [0x0000000082200000,0x0000000084bd21a0,0x000000008ab00000)
 Metaspace       used 61532K, capacity 64264K, committed 64512K, reserved 1105920K
  class space    used 7625K, capacity 8137K, committed 8192K, reserved 1048576K
Event: 58.117 GC heap after
Heap after GC invocations=15 (full 3):
 PSYoungGen      total 505344K, used 9247K [0x00000000d6100000, 0x00000000f8b00000, 0x0000000100000000)
  eden space 495616K, 0% used [0x00000000d6100000,0x00000000d6100000,0x00000000f4500000)
  from space 9728K, 95% used [0x00000000f8180000,0x00000000f8a87e20,0x00000000f8b00000)
  to   space 22528K, 0% used [0x00000000f5f00000,0x00000000f5f00000,0x00000000f7500000)
 ParOldGen       total 140288K, used 42832K [0x0000000082200000, 0x000000008ab00000, 0x00000000d6100000)
  object space 140288K, 30% used [0x0000000082200000,0x0000000084bd41a0,0x000000008ab00000)
 Metaspace       used 61532K, capacity 64264K, committed 64512K, reserved 1105920K
  class space    used 7625K, capacity 8137K, committed 8192K, reserved 1048576K
}
Event: 88.709 GC heap before
{Heap before GC invocations=16 (full 3):
 PSYoungGen      total 505344K, used 183959K [0x00000000d6100000, 0x00000000f8b00000, 0x0000000100000000)
  eden space 495616K, 35% used [0x00000000d6100000,0x00000000e0b9e190,0x00000000f4500000)
  from space 9728K, 95% used [0x00000000f8180000,0x00000000f8a87e20,0x00000000f8b00000)
  to   space 22528K, 0% used [0x00000000f5f00000,0x00000000f5f00000,0x00000000f7500000)
 ParOldGen       total 140288K, used 42832K [0x0000000082200000, 0x000000008ab00000, 0x00000000d6100000)
  object space 140288K, 30% used [0x0000000082200000,0x0000000084bd41a0,0x000000008ab00000)
 Metaspace       used 61603K, capacity 64376K, committed 64512K, reserved 1105920K
  class space    used 7638K, capacity 8148K, committed 8192K, reserved 1048576K
Event: 88.715 GC heap after
Heap after GC invocations=16 (full 3):
 PSYoungGen      total 499712K, used 3856K [0x00000000d6100000, 0x00000000f8200000, 0x0000000100000000)
  eden space 495616K, 0% used [0x00000000d6100000,0x00000000d6100000,0x00000000f4500000)
  from space 4096K, 94% used [0x00000000f5f00000,0x00000000f62c4020,0x00000000f6300000)
  to   space 22528K, 0% used [0x00000000f6c00000,0x00000000f6c00000,0x00000000f8200000)
 ParOldGen       total 140288K, used 42840K [0x0000000082200000, 0x000000008ab00000, 0x00000000d6100000)
  object space 140288K, 30% used [0x0000000082200000,0x0000000084bd61a0,0x000000008ab00000)
 Metaspace       used 61603K, capacity 64376K, committed 64512K, reserved 1105920K
  class space    used 7638K, capacity 8148K, committed 8192K, reserved 1048576K
}
Event: 88.715 GC heap before
{Heap before GC invocations=17 (full 4):
 PSYoungGen      total 499712K, used 3856K [0x00000000d6100000, 0x00000000f8200000, 0x0000000100000000)
  eden space 495616K, 0% used [0x00000000d6100000,0x00000000d6100000,0x00000000f4500000)
  from space 4096K, 94% used [0x00000000f5f00000,0x00000000f62c4020,0x00000000f6300000)
  to   space 22528K, 0% used [0x00000000f6c00000,0x00000000f6c00000,0x00000000f8200000)
 ParOldGen       total 140288K, used 42840K [0x0000000082200000, 0x000000008ab00000, 0x00000000d6100000)
  object space 140288K, 30% used [0x0000000082200000,0x0000000084bd61a0,0x000000008ab00000)
 Metaspace       used 61603K, capacity 64376K, committed 64512K, reserved 1105920K
  class space    used 7638K, capacity 8148K, committed 8192K, reserved 1048576K
Event: 88.913 GC heap after
Heap after GC invocations=17 (full 4):
 PSYoungGen      total 499712K, used 0K [0x00000000d6100000, 0x00000000f8200000, 0x0000000100000000)
  eden space 495616K, 0% used [0x00000000d6100000,0x00000000d6100000,0x00000000f4500000)
  from space 4096K, 0% used [0x00000000f5f00000,0x00000000f5f00000,0x00000000f6300000)
  to   space 22528K, 0% used [0x00000000f6c00000,0x00000000f6c00000,0x00000000f8200000)
 ParOldGen       total 140288K, used 36332K [0x0000000082200000, 0x000000008ab00000, 0x00000000d6100000)
  object space 140288K, 25% used [0x0000000082200000,0x000000008457b080,0x000000008ab00000)
 Metaspace       used 61548K, capacity 64230K, committed 64512K, reserved 1105920K
  class space    used 7619K, capacity 8117K, committed 8192K, reserved 1048576K
}

Deoptimization events (0 events):
No events

Classes redefined (0 events):
No events

Internal exceptions (10 events):
Event: 91.951 Thread 0x000000001e0d9800 Exception <a 'java/lang/ArrayIndexOutOfBoundsException'> (0x00000000e721b920) thrown at [C:\re\workspace\8-2-build-windows-amd64-cygwin\jdk8u172\10810\hotspot\src\share\vm\runtime\sharedRuntime.cpp, line 605]
Event: 91.951 Thread 0x000000001e0d9800 Exception <a 'java/lang/ArrayIndexOutOfBoundsException'> (0x00000000e721e380) thrown at [C:\re\workspace\8-2-build-windows-amd64-cygwin\jdk8u172\10810\hotspot\src\share\vm\runtime\sharedRuntime.cpp, line 605]
Event: 91.952 Thread 0x000000001e0d9800 Exception <a 'java/lang/ArrayIndexOutOfBoundsException'> (0x00000000e7226008) thrown at [C:\re\workspace\8-2-build-windows-amd64-cygwin\jdk8u172\10810\hotspot\src\share\vm\runtime\sharedRuntime.cpp, line 605]
Event: 91.952 Thread 0x000000001e0d9800 Exception <a 'java/lang/ArrayIndexOutOfBoundsException'> (0x00000000e7228a68) thrown at [C:\re\workspace\8-2-build-windows-amd64-cygwin\jdk8u172\10810\hotspot\src\share\vm\runtime\sharedRuntime.cpp, line 605]
Event: 91.952 Thread 0x000000001e0d9800 Exception <a 'java/lang/ArrayIndexOutOfBoundsException'> (0x00000000e72306f0) thrown at [C:\re\workspace\8-2-build-windows-amd64-cygwin\jdk8u172\10810\hotspot\src\share\vm\runtime\sharedRuntime.cpp, line 605]
Event: 91.952 Thread 0x000000001e0d9800 Exception <a 'java/lang/ArrayIndexOutOfBoundsException'> (0x00000000e7233150) thrown at [C:\re\workspace\8-2-build-windows-amd64-cygwin\jdk8u172\10810\hotspot\src\share\vm\runtime\sharedRuntime.cpp, line 605]
Event: 91.952 Thread 0x000000001e0d9800 Exception <a 'java/lang/ArrayIndexOutOfBoundsException'> (0x00000000e723add8) thrown at [C:\re\workspace\8-2-build-windows-amd64-cygwin\jdk8u172\10810\hotspot\src\share\vm\runtime\sharedRuntime.cpp, line 605]
Event: 91.952 Thread 0x000000001e0d9800 Exception <a 'java/lang/ArrayIndexOutOfBoundsException'> (0x00000000e723d838) thrown at [C:\re\workspace\8-2-build-windows-amd64-cygwin\jdk8u172\10810\hotspot\src\share\vm\runtime\sharedRuntime.cpp, line 605]
Event: 92.010 Thread 0x000000001e0d9800 Exception <a 'java/io/FileNotFoundException'> (0x00000000e7702880) thrown at [C:\re\workspace\8-2-build-windows-amd64-cygwin\jdk8u172\10810\hotspot\src\share\vm\prims\jni.cpp, line 709]
Event: 92.030 Thread 0x000000001e0db000 Exception <a 'java/net/BindException': Address already in use: Cannot bind> (0x00000000e7c46190) thrown at [C:\re\workspace\8-2-build-windows-amd64-cygwin\jdk8u172\10810\hotspot\src\share\vm\prims\jni.cpp, line 735]

Events (10 events):
Event: 92.763 loading class sun/misc/Signal$1
Event: 92.764 loading class sun/misc/Signal$1 done
Event: 92.764 Thread 0x000000001e0db000 Thread added: 0x000000001e0db000
Event: 92.768 loading class java/util/IdentityHashMap$KeyIterator
Event: 92.768 loading class java/util/IdentityHashMap$KeyIterator done
Event: 92.768 Thread 0x000000001e0d7800 Thread added: 0x000000001e0d7800
Event: 92.768 Thread 0x000000001e0d5000 Thread added: 0x000000001e0d5000
Event: 92.770 Thread 0x000000001e0d7800 Thread exited: 0x000000001e0d7800
Event: 92.774 Thread 0x000000001e0d5000 Thread exited: 0x000000001e0d5000
Event: 92.777 Executing VM operation: Exit


Dynamic libraries:
0x00007ff6cd8e0000 - 0x00007ff6cd917000 	C:\Program Files\Java\jdk1.8.0_172\bin\java.exe
0x00007ff8a4a80000 - 0x00007ff8a4c6d000 	C:\WINDOWS\SYSTEM32\ntdll.dll
0x00007ff8a3020000 - 0x00007ff8a30d3000 	C:\WINDOWS\System32\KERNEL32.DLL
0x00007ff8a0cc0000 - 0x00007ff8a0f55000 	C:\WINDOWS\System32\KERNELBASE.dll
0x00007ff8a2840000 - 0x00007ff8a28e3000 	C:\WINDOWS\System32\ADVAPI32.dll
0x00007ff8a2410000 - 0x00007ff8a24ae000 	C:\WINDOWS\System32\msvcrt.dll
0x00007ff8a2ab0000 - 0x00007ff8a2b4e000 	C:\WINDOWS\System32\sechost.dll
0x00007ff8a2b50000 - 0x00007ff8a2c72000 	C:\WINDOWS\System32\RPCRT4.dll
0x00007ff8a2d00000 - 0x00007ff8a2e97000 	C:\WINDOWS\System32\USER32.dll
0x00007ff8a1a90000 - 0x00007ff8a1ab0000 	C:\WINDOWS\System32\win32u.dll
0x00007ff8a4a20000 - 0x00007ff8a4a49000 	C:\WINDOWS\System32\GDI32.dll
0x00007ff8a1b00000 - 0x00007ff8a1c99000 	C:\WINDOWS\System32\gdi32full.dll
0x00007ff8a19c0000 - 0x00007ff8a1a60000 	C:\WINDOWS\System32\msvcp_win.dll
0x00007ff8a0b40000 - 0x00007ff8a0c3a000 	C:\WINDOWS\System32\ucrtbase.dll
0x00007ff88ec50000 - 0x00007ff88eec9000 	C:\WINDOWS\WinSxS\amd64_microsoft.windows.common-controls_6595b64144ccf1df_6.0.17763.1158_none_de722d88534a897f\COMCTL32.dll
0x00007ff8a24b0000 - 0x00007ff8a27dc000 	C:\WINDOWS\System32\combase.dll
0x00007ff8a0c40000 - 0x00007ff8a0cbe000 	C:\WINDOWS\System32\bcryptPrimitives.dll
0x00007ff8a2a80000 - 0x00007ff8a2aae000 	C:\WINDOWS\System32\IMM32.DLL
0x000000006e330000 - 0x000000006e402000 	C:\Program Files\Java\jdk1.8.0_172\jre\bin\msvcr100.dll
0x000000006d690000 - 0x000000006df33000 	C:\Program Files\Java\jdk1.8.0_172\jre\bin\server\jvm.dll
0x00007ff8a4710000 - 0x00007ff8a4718000 	C:\WINDOWS\System32\PSAPI.DLL
0x00007ff88f760000 - 0x00007ff88f769000 	C:\WINDOWS\SYSTEM32\WSOCK32.dll
0x00007ff8a4850000 - 0x00007ff8a48bd000 	C:\WINDOWS\System32\WS2_32.dll
0x00007ff89ed00000 - 0x00007ff89ed24000 	C:\WINDOWS\SYSTEM32\WINMM.dll
0x00007ff89b2e0000 - 0x00007ff89b2ea000 	C:\WINDOWS\SYSTEM32\VERSION.dll
0x00007ff89eb90000 - 0x00007ff89ebbd000 	C:\WINDOWS\SYSTEM32\WINMMBASE.dll
0x00007ff8a1ab0000 - 0x00007ff8a1afa000 	C:\WINDOWS\System32\cfgmgr32.dll
0x000000006e520000 - 0x000000006e52f000 	C:\Program Files\Java\jdk1.8.0_172\jre\bin\verify.dll
0x000000006e300000 - 0x000000006e329000 	C:\Program Files\Java\jdk1.8.0_172\jre\bin\java.dll
0x000000006d650000 - 0x000000006d685000 	C:\Program Files\Java\jdk1.8.0_172\jre\bin\jdwp.dll
0x000000006e290000 - 0x000000006e298000 	C:\Program Files\Java\jdk1.8.0_172\jre\bin\npt.dll
0x000000006d620000 - 0x000000006d643000 	C:\Program Files\Java\jdk1.8.0_172\jre\bin\instrument.dll
0x000000006e2e0000 - 0x000000006e2f6000 	C:\Program Files\Java\jdk1.8.0_172\jre\bin\zip.dll
0x00007ff8a3160000 - 0x00007ff8a4654000 	C:\WINDOWS\System32\SHELL32.dll
0x00007ff8a4660000 - 0x00007ff8a4708000 	C:\WINDOWS\System32\shcore.dll
0x00007ff8a1140000 - 0x00007ff8a188d000 	C:\WINDOWS\System32\windows.storage.dll
0x00007ff8a0af0000 - 0x00007ff8a0b14000 	C:\WINDOWS\System32\profapi.dll
0x00007ff8a0a70000 - 0x00007ff8a0acd000 	C:\WINDOWS\System32\powrprof.dll
0x00007ff8a3100000 - 0x00007ff8a3152000 	C:\WINDOWS\System32\shlwapi.dll
0x00007ff8a0ad0000 - 0x00007ff8a0ae1000 	C:\WINDOWS\System32\kernel.appcore.dll
0x00007ff8a19a0000 - 0x00007ff8a19b7000 	C:\WINDOWS\System32\cryptsp.dll
0x000000006e280000 - 0x000000006e289000 	C:\Program Files\Java\jdk1.8.0_172\jre\bin\dt_socket.dll
0x00007ff8a0280000 - 0x00007ff8a02e7000 	C:\WINDOWS\system32\mswsock.dll
0x000000006e2c0000 - 0x000000006e2da000 	C:\Program Files\Java\jdk1.8.0_172\jre\bin\net.dll
0x00007ff89ffe0000 - 0x00007ff8a00a7000 	C:\WINDOWS\SYSTEM32\DNSAPI.dll
0x00007ff8a1f80000 - 0x00007ff8a1f88000 	C:\WINDOWS\System32\NSI.dll
0x00007ff89ffa0000 - 0x00007ff89ffdd000 	C:\WINDOWS\SYSTEM32\IPHLPAPI.DLL
0x00007ff893610000 - 0x00007ff89361a000 	C:\Windows\System32\rasadhlp.dll
0x00007ff893a10000 - 0x00007ff893a89000 	C:\WINDOWS\System32\fwpuclnt.dll
0x00007ff8a1a60000 - 0x00007ff8a1a86000 	C:\WINDOWS\System32\bcrypt.dll
0x000000006e510000 - 0x000000006e51d000 	C:\Program Files\Java\jdk1.8.0_172\jre\bin\management.dll
0x000000006e2a0000 - 0x000000006e2b1000 	C:\Program Files\Java\jdk1.8.0_172\jre\bin\nio.dll
0x00007ff89fe00000 - 0x00007ff89fe33000 	C:\WINDOWS\system32\rsaenh.dll
0x00007ff8a09a0000 - 0x00007ff8a09c8000 	C:\WINDOWS\SYSTEM32\USERENV.dll
0x00007ff8a0450000 - 0x00007ff8a045c000 	C:\WINDOWS\SYSTEM32\CRYPTBASE.dll
0x00007ff899ba0000 - 0x00007ff899bb6000 	C:\WINDOWS\SYSTEM32\dhcpcsvc6.DLL
0x00007ff899a50000 - 0x00007ff899a6c000 	C:\WINDOWS\SYSTEM32\dhcpcsvc.DLL
0x00007ff890b50000 - 0x00007ff890b66000 	C:\WINDOWS\system32\napinsp.dll
0x00007ff890500000 - 0x00007ff89051a000 	C:\WINDOWS\system32\pnrpnsp.dll
0x00007ff88fd30000 - 0x00007ff88fd3e000 	C:\WINDOWS\System32\winrnr.dll
0x00007ff89d190000 - 0x00007ff89d1ab000 	C:\WINDOWS\system32\NLAapi.dll
0x00007ff88fbb0000 - 0x00007ff88fbc5000 	C:\WINDOWS\system32\wshbth.dll
0x00007ff869640000 - 0x00007ff86973f000 	W:\Java\Jinshi\guns-vip-main\target\classes\res-led\EQ2008_Dll.DLL
0x00007ff8a48c0000 - 0x00007ff8a4a15000 	C:\WINDOWS\System32\ole32.dll
0x00007ff8a1eb0000 - 0x00007ff8a1f74000 	C:\WINDOWS\System32\OLEAUT32.dll
0x00007ff8a4720000 - 0x00007ff8a4847000 	C:\WINDOWS\System32\COMDLG32.dll
0x00007ff891480000 - 0x00007ff8914ec000 	C:\WINDOWS\SYSTEM32\OLEACC.dll
0x00007ff89b600000 - 0x00007ff89b689000 	C:\WINDOWS\SYSTEM32\WINSPOOL.DRV
0x00007ff89d470000 - 0x00007ff89d619000 	C:\WINDOWS\SYSTEM32\PROPSYS.dll
0x00007ff888c80000 - 0x00007ff888fb4000 	C:\WINDOWS\SYSTEM32\msftedit.dll
0x00007ff86dfb0000 - 0x00007ff86e049000 	C:\WINDOWS\SYSTEM32\Riched20.dll
0x00007ff893d00000 - 0x00007ff893d19000 	C:\WINDOWS\SYSTEM32\USP10.dll
0x00007ff86ad90000 - 0x00007ff86adc9000 	C:\WINDOWS\SYSTEM32\msls31.dll
0x00007ff890960000 - 0x00007ff890b4d000 	C:\WINDOWS\SYSTEM32\dbghelp.dll

VM Arguments:
jvm_args: -agentlib:jdwp=transport=dt_socket,address=127.0.0.1:49211,suspend=y,server=n -XX:TieredStopAtLevel=1 -Xverify:none -Dspring.output.ansi.enabled=always -Dcom.sun.management.jmxremote -Dspring.jmx.enabled=true -Dspring.liveBeansView.mbeanDomain -Dspring.application.admin.enabled=true -javaagent:C:\Users\SYLARK~1\AppData\Local\Temp\captureAgent6jars\debugger-agent.jar -Dfile.encoding=UTF-8 
java_command: cn.stylefeng.guns.GunsApplication
java_class_path (initial): C:\Program Files\Java\jdk1.8.0_172\jre\lib\charsets.jar;C:\Program Files\Java\jdk1.8.0_172\jre\lib\deploy.jar;C:\Program Files\Java\jdk1.8.0_172\jre\lib\ext\access-bridge-64.jar;C:\Program Files\Java\jdk1.8.0_172\jre\lib\ext\cldrdata.jar;C:\Program Files\Java\jdk1.8.0_172\jre\lib\ext\dnsns.jar;C:\Program Files\Java\jdk1.8.0_172\jre\lib\ext\jaccess.jar;C:\Program Files\Java\jdk1.8.0_172\jre\lib\ext\jfxrt.jar;C:\Program Files\Java\jdk1.8.0_172\jre\lib\ext\localedata.jar;C:\Program Files\Java\jdk1.8.0_172\jre\lib\ext\nashorn.jar;C:\Program Files\Java\jdk1.8.0_172\jre\lib\ext\sunec.jar;C:\Program Files\Java\jdk1.8.0_172\jre\lib\ext\sunjce_provider.jar;C:\Program Files\Java\jdk1.8.0_172\jre\lib\ext\sunmscapi.jar;C:\Program Files\Java\jdk1.8.0_172\jre\lib\ext\sunpkcs11.jar;C:\Program Files\Java\jdk1.8.0_172\jre\lib\ext\zipfs.jar;C:\Program Files\Java\jdk1.8.0_172\jre\lib\javaws.jar;C:\Program Files\Java\jdk1.8.0_172\jre\lib\jce.jar;C:\Program Files\Java\jdk1.8.0_172\jre\lib\jfr.jar;C:\Program Files\Java\jdk1.8.0_172\jre\lib\jfxswt.jar;C:\Program Files\Java\jdk1.8.0_172\jre\lib\jsse.jar;C:\Program Files\Java\jdk1.8.0_172\jre\lib\management-agent.jar;C:\Program Files\Java\jdk1.8.0_172\jre\lib\plugin.jar;C:\Program Files\Java\jdk1.8.0_172\jre\lib\resources.jar;C:\Program Files\Java\jdk1.8.0_172\jre\lib\rt.jar;W:\Java\Jinshi\guns-vip-main\target\classes;W:\Java\Jinshi\lib\jna.jar;W:\Java\Jinshi\lib\platform.jar;W:\Java\Jinshi\guns-base-support\guns-sys\target\classes;W:\Java\Jinshi\guns-base-support\guns-base\target\classes;C:\Users\Sylar Ken\.m2\repository\cn\stylefeng\roses\kernel-core\2.2.12\kernel-core-2.2.12.jar;C:\Users\Sylar Ken\.m2\repository\cn\stylefeng\roses\kernel-model\2.2.12\kernel-model-2.2.12.jar;C:\Users\Sylar Ken\.m2\repository\cn\hutool\hutool-core\4.6.13\hutool-core-4.6.13.jar;C:\Users\Sylar Ken\.m2\repository\cn\hutool\hutool-db\4.6.13\hutool-db-4.6.13.jar;C:\Users\Sylar Ken\.m2\repository\cn\hutool\hutool-setting\4.6.13\hutoo
Launcher Type: SUN_STANDARD

Environment Variables:
JAVA_HOME=C:\Program Files\Java\jdk1.8.0_172
CLASSPATH=.;C:\Program Files\Java\jdk1.8.0_172\lib;C:\Program Files\Java\jdk1.8.0_172\lib\dt.jar;C:\Program Files\Java\jdk1.8.0_172\lib\tools.jar
PATH=C:\Python37\Scripts\;C:\Python37\;C:\Python27\;C:\Python27\Scripts;C:\WINDOWS\system32;C:\WINDOWS;C:\WINDOWS\System32\Wbem;C:\WINDOWS\System32\WindowsPowerShell\v1.0\;C:\Program Files\dotnet\;C:\Program Files\Microsoft SQL Server\130\Tools\Binn\;C:\Program Files (x86)\Microsoft SQL Server\120\DTS\Binn\;C:\Program Files (x86)\Microsoft SQL Server\Client SDK\ODBC\110\Tools\Binn\;C:\Program Files (x86)\Microsoft SQL Server\120\Tools\Binn\;C:\Program Files (x86)\Microsoft SQL Server\120\Tools\Binn\ManagementStudio\;C:\Program Files\MySQL\MySQL Utilities 1.6\;C:\WINDOWS\System32\OpenSSH\;C:\ProgramData\chocolatey\bin;C:\Program Files\nodejs\;C:\MinGW\bin;C:\Program Files\Java\jdk1.8.0_172\bin;C:\Program Files\Java\jdk1.8.0_172\jre\bin;C:\Program Files\Microsoft\Web Platform Installer\;s:\Program Files\Git\cmd;C:\Program Files\TortoiseSVN\bin;C:\Users\Sylar Ken\AppData\Local\Microsoft\WindowsApps;C:\Users\Sylar Ken\AppData\Local\Programs\Fiddler;C:\Users\Sylar Ken\AppData\Local\Microsoft\WindowsApps;C:\Users\Sylar Ken\AppData\Local\Programs\Microsoft VS Code\bin;C:\Users\Sylar Ken\AppData\Local\atom\bin;C:\Users\Sylar Ken\AppData\Roaming\npm;s:\Program Files\JetBrains\CLion 2019.1.3\bin;;;C:\Program Files\JetBrains\IntelliJ IDEA 2019.3.3\bin;;p:\Program Files\JetBrains\WebStorm 2020.1\bin;;C:\Program Files (x86)\MyDrivers\DriverGenius;C:\Program Files (x86)\MyDrivers\DriverGenius\ksoft
USERNAME=Sylar Ken
OS=Windows_NT
PROCESSOR_IDENTIFIER=Intel64 Family 6 Model 158 Stepping 10, GenuineIntel



---------------  S Y S T E M  ---------------

OS: Windows 10.0 , 64 bit Build 17763 (10.0.17763.1158)

CPU:total 6 (initial active 6) (6 cores per cpu, 1 threads per core) family 6 model 158 stepping 10, cmov, cx8, fxsr, mmx, sse, sse2, sse3, ssse3, sse4.1, sse4.2, popcnt, avx, avx2, aes, clmul, erms, 3dnowpref, lzcnt, tsc, tscinvbit, bmi1, bmi2, adx

Memory: 4k page, physical 8244840k(1789448k free), swap 32820840k(13852420k free)

vm_info: Java HotSpot(TM) 64-Bit Server VM (25.172-b11) for windows-amd64 JRE (1.8.0_172-b11), built on Mar 28 2018 21:21:52 by "java_re" with MS VC++ 10.0 (VS2010)

time: Thu May 21 15:51:57 2020
elapsed time: 93 seconds (0d 0h 1m 33s)

